[main d594be8] Auto update 2025-08-16 17:00
 1 file changed, 0 insertions(+), 0 deletions(-)
 create mode 100644 auto_git_push.log
To https://github.com/abnmelo72-wq/11.git
   d52a2b2..d594be8  main -> main
[main 09ec160] Auto update 2025-08-16 18:00
 4 files changed, 199 insertions(+)
To https://github.com/abnmelo72-wq/11.git
   d594be8..09ec160  main -> main
[main dabc77f] Auto update 2025-08-16 19:00
 1 file changed, 4 insertions(+)
To https://github.com/abnmelo72-wq/11.git
   09ec160..dabc77f  main -> main
[main 42d1c50] Auto update 2025-08-16 20:00
 1 file changed, 4 insertions(+)
To https://github.com/abnmelo72-wq/11.git
   dabc77f..42d1c50  main -> main
[main 2ae87a3] Auto update 2025-08-16 21:00
 1 file changed, 4 insertions(+)
To https://github.com/abnmelo72-wq/11.git
   42d1c50..2ae87a3  main -> main
[main dbf2eb1] Auto update 2025-08-16 22:00
 1 file changed, 4 insertions(+)
To https://github.com/abnmelo72-wq/11.git
   2ae87a3..dbf2eb1  main -> main
[main 0d3c9ad] Auto update 2025-08-16 23:00
 1 file changed, 4 insertions(+)
To https://github.com/abnmelo72-wq/11.git
   dbf2eb1..0d3c9ad  main -> main
[main c498de9] Auto update 2025-08-17 00:00
 1 file changed, 4 insertions(+)
To https://github.com/abnmelo72-wq/11.git
   0d3c9ad..c498de9  main -> main
[main edd81f2] Auto update 2025-08-17 01:00
 1 file changed, 4 insertions(+)
To https://github.com/abnmelo72-wq/11.git
   c498de9..edd81f2  main -> main
[main db62405] Auto update 2025-08-17 02:00
 1 file changed, 4 insertions(+)
To https://github.com/abnmelo72-wq/11.git
   edd81f2..db62405  main -> main
[main 6e71e27] Auto update 2025-08-17 03:00
 1 file changed, 4 insertions(+)
To https://github.com/abnmelo72-wq/11.git
   db62405..6e71e27  main -> main
[main 637fa44] Auto update 2025-08-17 04:00
 1 file changed, 4 insertions(+)
To https://github.com/abnmelo72-wq/11.git
   6e71e27..637fa44  main -> main
[main e147822] Auto update 2025-08-17 05:00
 1 file changed, 4 insertions(+)
To https://github.com/abnmelo72-wq/11.git
   637fa44..e147822  main -> main
[main 008609e] Auto update 2025-08-17 06:00
 1 file changed, 4 insertions(+)
To https://github.com/abnmelo72-wq/11.git
   e147822..008609e  main -> main
[main e132409] Auto update 2025-08-17 07:00
 1 file changed, 4 insertions(+)
To https://github.com/abnmelo72-wq/11.git
   008609e..e132409  main -> main
[main 52b1899] Auto update 2025-08-17 08:00
 1 file changed, 4 insertions(+)
To https://github.com/abnmelo72-wq/11.git
   e132409..52b1899  main -> main
[main eb84e29] Auto update 2025-08-17 09:00
 1 file changed, 4 insertions(+)
To https://github.com/abnmelo72-wq/11.git
   52b1899..eb84e29  main -> main
[main fba5fd5] Auto update 2025-08-17 10:00
 1 file changed, 4 insertions(+)
To https://github.com/abnmelo72-wq/11.git
   eb84e29..fba5fd5  main -> main
